Java path /home/course/cs4225/cs4225_assign/lib/jdk-11
Hadoop path /home/course/cs4225/cs4225_assign/lib/hadoop-3.3.0
Compiling assignment 1
Deleting previous files
2023-02-23 17:13:21,731 INFO Configuration.deprecation: io.bytes.per.checksum is deprecated. Instead, use dfs.bytes-per-checksum
Deleted temp
Uploading input files
Submit job
2023-02-23 17:13:31,074 INFO impl.MetricsConfig: Loaded properties from hadoop-metrics2.properties
2023-02-23 17:13:31,264 INFO impl.MetricsSystemImpl: Scheduled Metric snapshot period at 10 second(s).
2023-02-23 17:13:31,264 INFO impl.MetricsSystemImpl: JobTracker metrics system started
2023-02-23 17:13:31,557 WARN mapreduce.JobResourceUploader: Hadoop command-line option parsing not performed. Implement the Tool interface and execute your application with ToolRunner to remedy this.
2023-02-23 17:13:31,993 INFO input.FileInputFormat: Total input files to process : 2
2023-02-23 17:13:32,317 INFO mapreduce.JobSubmitter: number of splits:2
2023-02-23 17:13:32,934 INFO mapreduce.JobSubmitter: Submitting tokens for job: job_local1003245157_0001
2023-02-23 17:13:32,934 INFO mapreduce.JobSubmitter: Executing with tokens: []
2023-02-23 17:13:33,512 INFO mapreduce.Job: The url to track the job: http://localhost:8080/
2023-02-23 17:13:33,513 INFO mapreduce.Job: Running job: job_local1003245157_0001
2023-02-23 17:13:33,528 INFO mapred.LocalJobRunner: OutputCommitter set in config null
2023-02-23 17:13:33,550 INFO output.FileOutputCommitter: File Output Committer Algorithm version is 2
2023-02-23 17:13:33,550 INFO output.FileOutputCommitter: FileOutputCommitter skip cleanup _temporary folders under output directory:false, ignore cleanup failures: false
2023-02-23 17:13:33,565 INFO mapred.LocalJobRunner: OutputCommitter is org.apache.hadoop.mapreduce.lib.output.FileOutputCommitter
2023-02-23 17:13:33,771 INFO mapred.LocalJobRunner: Waiting for map tasks
2023-02-23 17:13:33,773 INFO mapred.LocalJobRunner: Starting task: attempt_local1003245157_0001_m_000000_0
2023-02-23 17:13:33,821 INFO output.FileOutputCommitter: File Output Committer Algorithm version is 2
2023-02-23 17:13:33,826 INFO output.FileOutputCommitter: FileOutputCommitter skip cleanup _temporary folders under output directory:false, ignore cleanup failures: false
2023-02-23 17:13:33,898 INFO mapred.Task:  Using ResourceCalculatorProcessTree : [ ]
2023-02-23 17:13:33,907 INFO mapred.MapTask: Processing split: file:/home/e/e0406258/cs4225/assign1_common_words/temp/input/task1-input1.txt:0+114799
2023-02-23 17:13:34,009 INFO mapred.MapTask: (EQUATOR) 0 kvi 26214396(104857584)
2023-02-23 17:13:34,009 INFO mapred.MapTask: mapreduce.task.io.sort.mb: 100
2023-02-23 17:13:34,009 INFO mapred.MapTask: soft limit at 83886080
2023-02-23 17:13:34,009 INFO mapred.MapTask: bufstart = 0; bufvoid = 104857600
2023-02-23 17:13:34,009 INFO mapred.MapTask: kvstart = 26214396; length = 6553600
2023-02-23 17:13:34,014 INFO mapred.MapTask: Map output collector class = org.apache.hadoop.mapred.MapTask$MapOutputBuffer
2023-02-23 17:13:34,154 INFO mapred.LocalJobRunner: 
2023-02-23 17:13:34,154 INFO mapred.MapTask: Starting flush of map output
2023-02-23 17:13:34,155 INFO mapred.MapTask: Spilling map output
2023-02-23 17:13:34,155 INFO mapred.MapTask: bufstart = 0; bufend = 41082; bufvoid = 104857600
2023-02-23 17:13:34,155 INFO mapred.MapTask: kvstart = 26214396(104857584); kvend = 26201488(104805952); length = 12909/6553600
2023-02-23 17:13:34,325 INFO mapred.MapTask: Finished spill 0
2023-02-23 17:13:34,502 INFO mapred.Task: Task:attempt_local1003245157_0001_m_000000_0 is done. And is in the process of committing
2023-02-23 17:13:34,513 INFO mapred.LocalJobRunner: map
2023-02-23 17:13:34,513 INFO mapred.Task: Task 'attempt_local1003245157_0001_m_000000_0' done.
2023-02-23 17:13:34,522 INFO mapreduce.Job: Job job_local1003245157_0001 running in uber mode : false
2023-02-23 17:13:34,524 INFO mapreduce.Job:  map 100% reduce 0%
2023-02-23 17:13:34,533 INFO mapred.Task: Final Counters for attempt_local1003245157_0001_m_000000_0: Counters: 17
	File System Counters
		FILE: Number of bytes read=121590
		FILE: Number of bytes written=669407
		FILE: Number of read operations=0
		FILE: Number of large read operations=0
		FILE: Number of write operations=0
	Map-Reduce Framework
		Map input records=3000
		Map output records=3228
		Map output bytes=41082
		Map output materialized bytes=47544
		Input split bytes=142
		Combine input records=0
		Spilled Records=3228
		Failed Shuffles=0
		Merged Map outputs=0
		GC time elapsed (ms)=0
		Total committed heap usage (bytes)=2109734912
	File Input Format Counters 
		Bytes Read=115711
2023-02-23 17:13:34,533 INFO mapred.LocalJobRunner: Finishing task: attempt_local1003245157_0001_m_000000_0
2023-02-23 17:13:34,533 INFO mapred.LocalJobRunner: Starting task: attempt_local1003245157_0001_m_000001_0
2023-02-23 17:13:34,542 INFO output.FileOutputCommitter: File Output Committer Algorithm version is 2
2023-02-23 17:13:34,542 INFO output.FileOutputCommitter: FileOutputCommitter skip cleanup _temporary folders under output directory:false, ignore cleanup failures: false
2023-02-23 17:13:34,542 INFO mapred.Task:  Using ResourceCalculatorProcessTree : [ ]
2023-02-23 17:13:34,544 INFO mapred.MapTask: Processing split: file:/home/e/e0406258/cs4225/assign1_common_words/temp/input/task1-input2.txt:0+38507
2023-02-23 17:13:34,619 INFO mapred.MapTask: (EQUATOR) 0 kvi 26214396(104857584)
2023-02-23 17:13:34,619 INFO mapred.MapTask: mapreduce.task.io.sort.mb: 100
2023-02-23 17:13:34,619 INFO mapred.MapTask: soft limit at 83886080
2023-02-23 17:13:34,619 INFO mapred.MapTask: bufstart = 0; bufvoid = 104857600
2023-02-23 17:13:34,619 INFO mapred.MapTask: kvstart = 26214396; length = 6553600
2023-02-23 17:13:34,620 INFO mapred.MapTask: Map output collector class = org.apache.hadoop.mapred.MapTask$MapOutputBuffer
2023-02-23 17:13:34,633 INFO mapred.LocalJobRunner: 
2023-02-23 17:13:34,633 INFO mapred.MapTask: Starting flush of map output
2023-02-23 17:13:34,633 INFO mapred.MapTask: Spilling map output
2023-02-23 17:13:34,633 INFO mapred.MapTask: bufstart = 0; bufend = 17553; bufvoid = 104857600
2023-02-23 17:13:34,633 INFO mapred.MapTask: kvstart = 26214396(104857584); kvend = 26208752(104835008); length = 5645/6553600
2023-02-23 17:13:34,840 INFO mapred.MapTask: Finished spill 0
2023-02-23 17:13:34,982 INFO mapred.Task: Task:attempt_local1003245157_0001_m_000001_0 is done. And is in the process of committing
2023-02-23 17:13:34,988 INFO mapred.LocalJobRunner: map
2023-02-23 17:13:34,988 INFO mapred.Task: Task 'attempt_local1003245157_0001_m_000001_0' done.
2023-02-23 17:13:34,990 INFO mapred.Task: Final Counters for attempt_local1003245157_0001_m_000001_0: Counters: 17
	File System Counters
		FILE: Number of bytes read=160716
		FILE: Number of bytes written=689822
		FILE: Number of read operations=0
		FILE: Number of large read operations=0
		FILE: Number of write operations=0
	Map-Reduce Framework
		Map input records=1000
		Map output records=1412
		Map output bytes=17553
		Map output materialized bytes=20383
		Input split bytes=142
		Combine input records=0
		Spilled Records=1412
		Failed Shuffles=0
		Merged Map outputs=0
		GC time elapsed (ms)=0
		Total committed heap usage (bytes)=2109734912
	File Input Format Counters 
		Bytes Read=38823
2023-02-23 17:13:34,990 INFO mapred.LocalJobRunner: Finishing task: attempt_local1003245157_0001_m_000001_0
2023-02-23 17:13:34,991 INFO mapred.LocalJobRunner: map task executor complete.
2023-02-23 17:13:34,998 INFO mapred.LocalJobRunner: Waiting for reduce tasks
2023-02-23 17:13:34,999 INFO mapred.LocalJobRunner: Starting task: attempt_local1003245157_0001_r_000000_0
2023-02-23 17:13:35,011 INFO output.FileOutputCommitter: File Output Committer Algorithm version is 2
2023-02-23 17:13:35,012 INFO output.FileOutputCommitter: FileOutputCommitter skip cleanup _temporary folders under output directory:false, ignore cleanup failures: false
2023-02-23 17:13:35,012 INFO mapred.Task:  Using ResourceCalculatorProcessTree : [ ]
2023-02-23 17:13:35,018 INFO mapred.ReduceTask: Using ShuffleConsumerPlugin: org.apache.hadoop.mapreduce.task.reduce.Shuffle@7046bf74
2023-02-23 17:13:35,022 WARN impl.MetricsSystemImpl: JobTracker metrics system already initialized!
2023-02-23 17:13:35,046 INFO reduce.MergeManagerImpl: The max number of bytes for a single in-memory shuffle cannot be larger than Integer.MAX_VALUE. Setting it to Integer.MAX_VALUE
2023-02-23 17:13:35,047 INFO reduce.MergeManagerImpl: MergerManager: memoryLimit=22525089792, maxSingleShuffleLimit=2147483647, mergeThreshold=14866560000, ioSortFactor=10, memToMemMergeOutputsThreshold=10
2023-02-23 17:13:35,052 INFO reduce.EventFetcher: attempt_local1003245157_0001_r_000000_0 Thread started: EventFetcher for fetching Map Completion Events
2023-02-23 17:13:35,094 INFO reduce.LocalFetcher: localfetcher#1 about to shuffle output of map attempt_local1003245157_0001_m_000000_0 decomp: 47540 len: 47544 to MEMORY
2023-02-23 17:13:35,099 INFO reduce.InMemoryMapOutput: Read 47540 bytes from map-output for attempt_local1003245157_0001_m_000000_0
2023-02-23 17:13:35,100 INFO reduce.MergeManagerImpl: closeInMemoryFile -> map-output of size: 47540, inMemoryMapOutputs.size() -> 1, commitMemory -> 0, usedMemory ->47540
2023-02-23 17:13:35,105 INFO reduce.LocalFetcher: localfetcher#1 about to shuffle output of map attempt_local1003245157_0001_m_000001_0 decomp: 20379 len: 20383 to MEMORY
2023-02-23 17:13:35,108 INFO reduce.InMemoryMapOutput: Read 20379 bytes from map-output for attempt_local1003245157_0001_m_000001_0
2023-02-23 17:13:35,108 INFO reduce.MergeManagerImpl: closeInMemoryFile -> map-output of size: 20379, inMemoryMapOutputs.size() -> 2, commitMemory -> 47540, usedMemory ->67919
2023-02-23 17:13:35,109 INFO reduce.EventFetcher: EventFetcher is interrupted.. Returning
2023-02-23 17:13:35,110 INFO mapred.LocalJobRunner: 2 / 2 copied.
2023-02-23 17:13:35,110 INFO reduce.MergeManagerImpl: finalMerge called with 2 in-memory map-outputs and 0 on-disk map-outputs
2023-02-23 17:13:35,210 INFO mapred.Merger: Merging 2 sorted segments
2023-02-23 17:13:35,211 INFO mapred.Merger: Down to the last merge-pass, with 2 segments left of total size: 67901 bytes
2023-02-23 17:13:35,326 INFO reduce.MergeManagerImpl: Merged 2 segments, 67919 bytes to disk to satisfy reduce memory limit
2023-02-23 17:13:35,327 INFO reduce.MergeManagerImpl: Merging 1 files, 67921 bytes from disk
2023-02-23 17:13:35,328 INFO reduce.MergeManagerImpl: Merging 0 segments, 0 bytes from memory into reduce
2023-02-23 17:13:35,328 INFO mapred.Merger: Merging 1 sorted segments
2023-02-23 17:13:35,330 INFO mapred.Merger: Down to the last merge-pass, with 1 segments left of total size: 67907 bytes
2023-02-23 17:13:35,330 INFO mapred.LocalJobRunner: 2 / 2 copied.
2023-02-23 17:13:35,545 INFO Configuration.deprecation: mapred.skip.on is deprecated. Instead, use mapreduce.job.skiprecords
2023-02-23 17:13:35,656 INFO mapred.Task: Task:attempt_local1003245157_0001_r_000000_0 is done. And is in the process of committing
2023-02-23 17:13:35,663 INFO mapred.LocalJobRunner: 2 / 2 copied.
2023-02-23 17:13:35,663 INFO mapred.Task: Task attempt_local1003245157_0001_r_000000_0 is allowed to commit now
2023-02-23 17:13:35,710 INFO output.FileOutputCommitter: Saved output of task 'attempt_local1003245157_0001_r_000000_0' to file:/home/e/e0406258/cs4225/assign1_common_words/temp/output
2023-02-23 17:13:35,711 INFO mapred.LocalJobRunner: reduce > reduce
2023-02-23 17:13:35,711 INFO mapred.Task: Task 'attempt_local1003245157_0001_r_000000_0' done.
2023-02-23 17:13:35,713 INFO mapred.Task: Final Counters for attempt_local1003245157_0001_r_000000_0: Counters: 24
	File System Counters
		FILE: Number of bytes read=296628
		FILE: Number of bytes written=757843
		FILE: Number of read operations=0
		FILE: Number of large read operations=0
		FILE: Number of write operations=0
	Map-Reduce Framework
		Combine input records=0
		Combine output records=0
		Reduce input groups=4312
		Reduce shuffle bytes=67927
		Reduce input records=4640
		Reduce output records=10
		Spilled Records=4640
		Shuffled Maps =2
		Failed Shuffles=0
		Merged Map outputs=2
		GC time elapsed (ms)=0
		Total committed heap usage (bytes)=2109734912
	Shuffle Errors
		BAD_ID=0
		CONNECTION=0
		IO_ERROR=0
		WRONG_LENGTH=0
		WRONG_MAP=0
		WRONG_REDUCE=0
	File Output Format Counters 
		Bytes Written=100
2023-02-23 17:13:35,713 INFO mapred.LocalJobRunner: Finishing task: attempt_local1003245157_0001_r_000000_0
2023-02-23 17:13:35,713 INFO mapred.LocalJobRunner: reduce task executor complete.
2023-02-23 17:13:36,528 INFO mapreduce.Job:  map 100% reduce 100%
2023-02-23 17:13:36,530 INFO mapreduce.Job: Job job_local1003245157_0001 completed successfully
2023-02-23 17:13:36,562 INFO mapreduce.Job: Counters: 30
	File System Counters
		FILE: Number of bytes read=578934
		FILE: Number of bytes written=2117072
		FILE: Number of read operations=0
		FILE: Number of large read operations=0
		FILE: Number of write operations=0
	Map-Reduce Framework
		Map input records=4000
		Map output records=4640
		Map output bytes=58635
		Map output materialized bytes=67927
		Input split bytes=284
		Combine input records=0
		Combine output records=0
		Reduce input groups=4312
		Reduce shuffle bytes=67927
		Reduce input records=4640
		Reduce output records=10
		Spilled Records=9280
		Shuffled Maps =2
		Failed Shuffles=0
		Merged Map outputs=2
		GC time elapsed (ms)=0
		Total committed heap usage (bytes)=6329204736
	Shuffle Errors
		BAD_ID=0
		CONNECTION=0
		IO_ERROR=0
		WRONG_LENGTH=0
		WRONG_MAP=0
		WRONG_REDUCE=0
	File Input Format Counters 
		Bytes Read=154534
	File Output Format Counters 
		Bytes Written=100
Job finished. Print Top 10 words.
17	There
11	great
10	things
8	thing
7	course
6	course,
6	people
6	woman
5	place
5	three
Test Passed
